2025-02-08 08:00:04,641 - INFO - Starting Spark session...
2025-02-08 08:00:06,719 - INFO - Reading data from: ../data/input/Crime_Data_Dev.csv
2025-02-08 08:00:09,256 - INFO - Standardizing column names...
2025-02-08 08:00:09,298 - INFO - Performing transformations...
2025-02-08 08:00:09,370 - INFO - Schema after transformations:
2025-02-08 08:00:09,631 - INFO - Total number of records: 1697
2025-02-08 08:00:09,631 - INFO - 
Sample data:
2025-02-08 08:00:09,814 - INFO - Closing down clientserver connection
2025-02-08 08:00:48,486 - INFO - Starting Spark session...
2025-02-08 08:00:50,040 - INFO - Reading data from: ../data/input/Crime_Data_Dev.csv
2025-02-08 08:00:53,522 - INFO - Standardizing column names...
2025-02-08 08:00:53,566 - INFO - Performing transformations...
2025-02-08 08:00:53,641 - INFO - Schema after transformations:
2025-02-08 08:00:53,905 - INFO - Total number of records: 1697
2025-02-08 08:00:53,905 - INFO - 
Sample data:
2025-02-08 08:00:54,075 - INFO - Closing down clientserver connection
2025-02-08 08:13:41,664 - INFO - Starting Spark session...
2025-02-08 08:13:43,739 - INFO - Reading data from: ../data/input/Crime_Data_Dev.csv
2025-02-08 08:13:46,682 - INFO - Standardizing column names...
2025-02-08 08:13:46,725 - INFO - Performing transformations...
2025-02-08 08:13:46,797 - INFO - Schema after transformations:
2025-02-08 08:13:47,056 - INFO - Total number of records: 1697
2025-02-08 08:13:47,056 - INFO - 
Sample data:
2025-02-08 08:13:47,237 - INFO - Closing down clientserver connection
